<?xml version="1.0" encoding="UTF-8"?>
<testsuite xmlns:xsi="http://www.w3.org/2001/XMLSchema-instance" xsi:noNamespaceSchemaLocation="https://maven.apache.org/surefire/maven-surefire-plugin/xsd/surefire-test-report-3.0.xsd" version="3.0" name="KhoaBeoAdminTest" time="0.535" tests="4" errors="0" skipped="0" failures="0">
  <properties>
[...]
</properties>
  <testcase name="testInsert(String, String, String, double, int, int, int)[1]" classname="KhoaBeoAdminTest" time="0.088"/>
  <testcase name="testInsert(String, String, String, double, int, int, int)[2]" classname="KhoaBeoAdminTest" time="0.019"/>
  <testcase name="testInsert(String, String, String, double, int, int, int)[3]" classname="KhoaBeoAdminTest" time="0.016"/>
  <testcase name="testInsert(String, String, String, double, int, int, int)[4]" classname="KhoaBeoAdminTest" time="0.015"/>
</testsuite>